build/app/intermediates/manifest_merge_blame_file/debug/manifest-merger-blame-debug-report.txt
1<?xml version="1.0" encoding="utf-8"?>
2<manifest xmlns:android="http://schemas.android.com/apk/res/android"
3    package="com.example.example1"
4    android:versionCode="1"
5    android:versionName="1.0.0" >
6
7    <uses-sdk
8        android:minSdkVersion="21"
9        android:targetSdkVersion="34" />
10    <!--
11         The INTERNET permission is required for development. Specifically,
12         the Flutter tool needs it to communicate with the running application
13         to allow setting breakpoints, to provide hot reload, etc.
14    -->
15    <uses-permission android:name="android.permission.INTERNET" />
15-->src\debug\AndroidManifest.xml:6:5-66
15-->src\debug\AndroidManifest.xml:6:22-64
16    <!--
17     Required to query activities that can process text, see:
18         https://developer.android.com/training/package-visibility and
19         https://developer.android.com/reference/android/content/Intent#ACTION_PROCESS_TEXT.
20
21         In particular, this is used by the Flutter engine in io.flutter.plugin.text.ProcessTextPlugin.
22    -->
23    <queries>
23-->src\main\AndroidManifest.xml:39:5-44:15
24        <intent>
24-->src\main\AndroidManifest.xml:40:9-43:18
25            <action android:name="android.intent.action.PROCESS_TEXT" />
25-->src\main\AndroidManifest.xml:41:13-72
25-->src\main\AndroidManifest.xml:41:21-70
26
27            <data android:mimeType="text/plain" />
27-->src\main\AndroidManifest.xml:42:13-50
27-->src\main\AndroidManifest.xml:42:19-48
28        </intent>
29
30        <package android:name="com.kakao.talk" />
30-->[:kakao_flutter_sdk_common] AndroidManifest.xml:10:9-50
30-->[:kakao_flutter_sdk_common] AndroidManifest.xml:10:18-47
31        <package android:name="com.kakao.talk.alpha" />
31-->[:kakao_flutter_sdk_common] AndroidManifest.xml:11:9-56
31-->[:kakao_flutter_sdk_common] AndroidManifest.xml:11:18-53
32        <package android:name="com.kakao.talk.sandbox" />
32-->[:kakao_flutter_sdk_common] AndroidManifest.xml:12:9-58
32-->[:kakao_flutter_sdk_common] AndroidManifest.xml:12:18-55
33        <package android:name="com.kakao.onetalk" />
33-->[:kakao_flutter_sdk_common] AndroidManifest.xml:13:9-53
33-->[:kakao_flutter_sdk_common] AndroidManifest.xml:13:18-50
34        <package android:name="com.locnall.KimGiSa" />
34-->[:kakao_flutter_sdk_common] AndroidManifest.xml:14:9-55
34-->[:kakao_flutter_sdk_common] AndroidManifest.xml:14:18-52
35        <package android:name="com.lguplus.navi" />
35-->[:kakao_flutter_sdk_common] AndroidManifest.xml:15:9-52
35-->[:kakao_flutter_sdk_common] AndroidManifest.xml:15:18-49
36
37        <intent>
37-->[:kakao_flutter_sdk_common] AndroidManifest.xml:17:9-23:18
38            <action android:name="android.intent.action.VIEW" />
38-->[:kakao_flutter_sdk_common] AndroidManifest.xml:18:13-65
38-->[:kakao_flutter_sdk_common] AndroidManifest.xml:18:21-62
39
40            <category android:name="android.intent.category.BROWSABLE" />
40-->[:kakao_flutter_sdk_common] AndroidManifest.xml:20:13-74
40-->[:kakao_flutter_sdk_common] AndroidManifest.xml:20:23-71
41
42            <data android:scheme="https" />
42-->src\main\AndroidManifest.xml:42:13-50
43        </intent>
44    </queries>
45
46    <permission
46-->[androidx.core:core:1.13.1] AndroidManifest.xml:22:5-24:47
47        android:name="com.example.example1.DYNAMIC_RECEIVER_NOT_EXPORTED_PERMISSION"
47-->[androidx.core:core:1.13.1] AndroidManifest.xml:23:9-81
48        android:protectionLevel="signature" />
48-->[androidx.core:core:1.13.1] AndroidManifest.xml:24:9-44
49
50    <uses-permission android:name="com.example.example1.DYNAMIC_RECEIVER_NOT_EXPORTED_PERMISSION" />
50-->[androidx.core:core:1.13.1] AndroidManifest.xml:26:5-97
50-->[androidx.core:core:1.13.1] AndroidManifest.xml:26:22-94
51
52    <application
53        android:name="android.app.Application"
54        android:appComponentFactory="androidx.core.app.CoreComponentFactory"
54-->[androidx.core:core:1.13.1] AndroidManifest.xml:28:18-86
55        android:debuggable="true"
56        android:icon="@mipmap/ic_launcher"
57        android:label="example1" >
58        <activity
59            android:name="com.example.example1.MainActivity"
60            android:configChanges="orientation|keyboardHidden|keyboard|screenSize|smallestScreenSize|locale|layoutDirection|fontScale|screenLayout|density|uiMode"
61            android:exported="true"
62            android:hardwareAccelerated="true"
63            android:launchMode="singleTop"
64            android:taskAffinity=""
65            android:theme="@style/LaunchTheme"
66            android:windowSoftInputMode="adjustResize" >
67
68            <!--
69                 Specifies an Android theme to apply to this Activity as soon as
70                 the Android process has started. This theme is visible to the user
71                 while the Flutter UI initializes. After that, this theme continues
72                 to determine the Window background behind the Flutter UI.
73            -->
74            <meta-data
75                android:name="io.flutter.embedding.android.NormalTheme"
76                android:resource="@style/NormalTheme" />
77
78            <intent-filter>
79                <action android:name="android.intent.action.MAIN" />
80
81                <category android:name="android.intent.category.LAUNCHER" />
82            </intent-filter>
83        </activity>
84        <!--
85             Don't delete the meta-data below.
86             This is used by the Flutter tool to generate GeneratedPluginRegistrant.java
87        -->
88        <meta-data
89            android:name="flutterEmbedding"
90            android:value="2" />
91
92        <provider
92-->[:image_picker_android] AndroidManifest.xml:11:9-19:20
93            android:name="io.flutter.plugins.imagepicker.ImagePickerFileProvider"
93-->[:image_picker_android] AndroidManifest.xml:12:13-82
94            android:authorities="com.example.example1.flutter.image_provider"
94-->[:image_picker_android] AndroidManifest.xml:13:13-74
95            android:exported="false"
95-->[:image_picker_android] AndroidManifest.xml:14:13-37
96            android:grantUriPermissions="true" >
96-->[:image_picker_android] AndroidManifest.xml:15:13-47
97            <meta-data
97-->[:image_picker_android] AndroidManifest.xml:16:13-18:75
98                android:name="android.support.FILE_PROVIDER_PATHS"
98-->[:image_picker_android] AndroidManifest.xml:17:17-67
99                android:resource="@xml/flutter_image_picker_file_paths" />
99-->[:image_picker_android] AndroidManifest.xml:18:17-72
100        </provider> <!-- Trigger Google Play services to install the backported photo picker module. -->
101        <service
101-->[:image_picker_android] AndroidManifest.xml:21:9-33:19
102            android:name="com.google.android.gms.metadata.ModuleDependencies"
102-->[:image_picker_android] AndroidManifest.xml:22:13-78
103            android:enabled="false"
103-->[:image_picker_android] AndroidManifest.xml:23:13-36
104            android:exported="false" >
104-->[:image_picker_android] AndroidManifest.xml:24:13-37
105            <intent-filter>
105-->[:image_picker_android] AndroidManifest.xml:26:13-28:29
106                <action android:name="com.google.android.gms.metadata.MODULE_DEPENDENCIES" />
106-->[:image_picker_android] AndroidManifest.xml:27:17-94
106-->[:image_picker_android] AndroidManifest.xml:27:25-91
107            </intent-filter>
108
109            <meta-data
109-->[:image_picker_android] AndroidManifest.xml:30:13-32:36
110                android:name="photopicker_activity:0:required"
110-->[:image_picker_android] AndroidManifest.xml:31:17-63
111                android:value="" />
111-->[:image_picker_android] AndroidManifest.xml:32:17-33
112        </service>
113
114        <activity
114-->[:kakao_flutter_sdk_common] AndroidManifest.xml:27:9-32:56
115            android:name="com.kakao.sdk.flutter.TalkAuthCodeActivity"
115-->[:kakao_flutter_sdk_common] AndroidManifest.xml:28:13-70
116            android:configChanges="orientation|screenSize|keyboardHidden|uiMode"
116-->[:kakao_flutter_sdk_common] AndroidManifest.xml:29:13-81
117            android:exported="false"
117-->[:kakao_flutter_sdk_common] AndroidManifest.xml:30:13-37
118            android:launchMode="singleTask"
118-->[:kakao_flutter_sdk_common] AndroidManifest.xml:31:13-44
119            android:theme="@style/TransparentCompat" />
119-->[:kakao_flutter_sdk_common] AndroidManifest.xml:32:13-53
120        <activity
120-->[:kakao_flutter_sdk_common] AndroidManifest.xml:33:9-37:56
121            android:name="com.kakao.sdk.flutter.AuthCodeCustomTabsActivity"
121-->[:kakao_flutter_sdk_common] AndroidManifest.xml:34:13-76
122            android:exported="true"
122-->[:kakao_flutter_sdk_common] AndroidManifest.xml:35:13-36
123            android:launchMode="singleTask"
123-->[:kakao_flutter_sdk_common] AndroidManifest.xml:36:13-44
124            android:theme="@style/TransparentCompat" />
124-->[:kakao_flutter_sdk_common] AndroidManifest.xml:37:13-53
125        <activity
125-->[:url_launcher_android] AndroidManifest.xml:10:9-13:74
126            android:name="io.flutter.plugins.urllauncher.WebViewActivity"
126-->[:url_launcher_android] AndroidManifest.xml:11:13-74
127            android:exported="false"
127-->[:url_launcher_android] AndroidManifest.xml:12:13-37
128            android:theme="@android:style/Theme.NoTitleBar.Fullscreen" />
128-->[:url_launcher_android] AndroidManifest.xml:13:13-71
129
130        <uses-library
130-->[androidx.window:window:1.0.0-beta04] AndroidManifest.xml:25:9-27:40
131            android:name="androidx.window.extensions"
131-->[androidx.window:window:1.0.0-beta04] AndroidManifest.xml:26:13-54
132            android:required="false" />
132-->[androidx.window:window:1.0.0-beta04] AndroidManifest.xml:27:13-37
133        <uses-library
133-->[androidx.window:window:1.0.0-beta04] AndroidManifest.xml:28:9-30:40
134            android:name="androidx.window.sidecar"
134-->[androidx.window:window:1.0.0-beta04] AndroidManifest.xml:29:13-51
135            android:required="false" />
135-->[androidx.window:window:1.0.0-beta04] AndroidManifest.xml:30:13-37
136
137        <provider
137-->[androidx.profileinstaller:profileinstaller:1.3.1] AndroidManifest.xml:24:9-32:20
138            android:name="androidx.startup.InitializationProvider"
138-->[androidx.profileinstaller:profileinstaller:1.3.1] AndroidManifest.xml:25:13-67
139            android:authorities="com.example.example1.androidx-startup"
139-->[androidx.profileinstaller:profileinstaller:1.3.1] AndroidManifest.xml:26:13-68
140            android:exported="false" >
140-->[androidx.profileinstaller:profileinstaller:1.3.1] AndroidManifest.xml:27:13-37
141            <meta-data
141-->[androidx.profileinstaller:profileinstaller:1.3.1] AndroidManifest.xml:29:13-31:52
142                android:name="androidx.profileinstaller.ProfileInstallerInitializer"
142-->[androidx.profileinstaller:profileinstaller:1.3.1] AndroidManifest.xml:30:17-85
143                android:value="androidx.startup" />
143-->[androidx.profileinstaller:profileinstaller:1.3.1] AndroidManifest.xml:31:17-49
144        </provider>
145
146        <receiver
146-->[androidx.profileinstaller:profileinstaller:1.3.1] AndroidManifest.xml:34:9-52:20
147            android:name="androidx.profileinstaller.ProfileInstallReceiver"
147-->[androidx.profileinstaller:profileinstaller:1.3.1] AndroidManifest.xml:35:13-76
148            android:directBootAware="false"
148-->[androidx.profileinstaller:profileinstaller:1.3.1] AndroidManifest.xml:36:13-44
149            android:enabled="true"
149-->[androidx.profileinstaller:profileinstaller:1.3.1] AndroidManifest.xml:37:13-35
150            android:exported="true"
150-->[androidx.profileinstaller:profileinstaller:1.3.1] AndroidManifest.xml:38:13-36
151            android:permission="android.permission.DUMP" >
151-->[androidx.profileinstaller:profileinstaller:1.3.1] AndroidManifest.xml:39:13-57
152            <intent-filter>
152-->[androidx.profileinstaller:profileinstaller:1.3.1] AndroidManifest.xml:40:13-42:29
153                <action android:name="androidx.profileinstaller.action.INSTALL_PROFILE" />
153-->[androidx.profileinstaller:profileinstaller:1.3.1] AndroidManifest.xml:41:17-91
153-->[androidx.profileinstaller:profileinstaller:1.3.1] AndroidManifest.xml:41:25-88
154            </intent-filter>
155            <intent-filter>
155-->[androidx.profileinstaller:profileinstaller:1.3.1] AndroidManifest.xml:43:13-45:29
156                <action android:name="androidx.profileinstaller.action.SKIP_FILE" />
156-->[androidx.profileinstaller:profileinstaller:1.3.1] AndroidManifest.xml:44:17-85
156-->[androidx.profileinstaller:profileinstaller:1.3.1] AndroidManifest.xml:44:25-82
157            </intent-filter>
158            <intent-filter>
158-->[androidx.profileinstaller:profileinstaller:1.3.1] AndroidManifest.xml:46:13-48:29
159                <action android:name="androidx.profileinstaller.action.SAVE_PROFILE" />
159-->[androidx.profileinstaller:profileinstaller:1.3.1] AndroidManifest.xml:47:17-88
159-->[androidx.profileinstaller:profileinstaller:1.3.1] AndroidManifest.xml:47:25-85
160            </intent-filter>
161            <intent-filter>
161-->[androidx.profileinstaller:profileinstaller:1.3.1] AndroidManifest.xml:49:13-51:29
162                <action android:name="androidx.profileinstaller.action.BENCHMARK_OPERATION" />
162-->[androidx.profileinstaller:profileinstaller:1.3.1] AndroidManifest.xml:50:17-95
162-->[androidx.profileinstaller:profileinstaller:1.3.1] AndroidManifest.xml:50:25-92
163            </intent-filter>
164        </receiver>
165    </application>
166
167</manifest>